# JRE version: Java(TM) SE Runtime Environment (25.0.1+8) (build 25.0.1+8-LTS-27)
# Java VM: Java HotSpot(TM) 64-Bit Server VM (25.0.1+8-LTS-27, mixed mode, sharing, tiered, compressed oops, compressed class ptrs, g1 gc, windows-amd64)
GC Precious Log:
 CardTable entry size: 512
 Card Set container configuration: InlinePtr #cards 5 size 8 Array Of Cards #cards 10 size 36 Howl #buckets 4 coarsen threshold 1843 Howl Bitmap #cards 512 size 80 coarsen threshold 460 Card regions per heap region 1 cards per card region 2048
 CPUs: 8 total, 8 available
 Memory: 8070M
 Large Page Support: Disabled
 NUMA Support: Disabled
 Compressed Oops: Enabled (32-bit)
 Heap Region Size: 1M
 Heap Min Capacity: 8M
 Heap Initial Capacity: 128M
 Heap Max Capacity: 2018M
 Pre-touch: Disabled
 Parallel Workers: 8
 Concurrent Workers: 2
 Concurrent Refinement Workers: 8
 Periodic GC: Disabled
Heap:
 garbage-first heap   total reserved 2066432K, committed 68608K, used 25749K [0x0000000081e00000, 0x0000000100000000)
  region size 1024K, 11 young (11264K), 4 survivors (4096K)
GC Heap Usage History (10 events):
Event: 1.518 {heap Before GC invocations=0 (full 0):
 garbage-first heap   total reserved 2066432K, committed 133120K, used 49301K [0x0000000081e00000, 0x0000000100000000)
  region size 1024K, 47 young (48128K), 0 survivors (0K)
}
Event: 1.531 {heap After GC invocations=1 (full 0):
 garbage-first heap   total reserved 2066432K, committed 133120K, used 5610K [0x0000000081e00000, 0x0000000100000000)
  region size 1024K, 5 young (5120K), 5 survivors (5120K)
}
Event: 3.122 {heap Before GC invocations=1 (full 0):
 garbage-first heap   total reserved 2066432K, committed 133120K, used 61930K [0x0000000081e00000, 0x0000000100000000)
  region size 1024K, 60 young (61440K), 5 survivors (5120K)
}
Event: 3.144 {heap After GC invocations=2 (full 0):
 garbage-first heap   total reserved 2066432K, committed 133120K, used 13288K [0x0000000081e00000, 0x0000000100000000)
  region size 1024K, 8 young (8192K), 8 survivors (8192K)
}
Event: 4.193 {heap Before GC invocations=2 (full 0):
 garbage-first heap   total reserved 2066432K, committed 133120K, used 76776K [0x0000000081e00000, 0x0000000100000000)
  region size 1024K, 70 young (71680K), 8 survivors (8192K)
}
Event: 4.211 {heap After GC invocations=3 (full 0):
 garbage-first heap   total reserved 2066432K, committed 133120K, used 16250K [0x0000000081e00000, 0x0000000100000000)
  region size 1024K, 4 young (4096K), 4 survivors (4096K)
}
Event: 6.086 {heap Before GC invocations=3 (full 0):
 garbage-first heap   total reserved 2066432K, committed 133120K, used 122746K [0x0000000081e00000, 0x0000000100000000)
  region size 1024K, 76 young (77824K), 4 survivors (4096K)
}
Event: 6.097 {heap After GC invocations=4 (full 0):
 garbage-first heap   total reserved 2066432K, committed 133120K, used 19151K [0x0000000081e00000, 0x0000000100000000)
  region size 1024K, 7 young (7168K), 7 survivors (7168K)
}
Event: 6.438 {heap Before GC invocations=4 (full 0):
 garbage-first heap   total reserved 2066432K, committed 133120K, used 28367K [0x0000000081e00000, 0x0000000100000000)
  region size 1024K, 17 young (17408K), 7 survivors (7168K)
}
Event: 6.452 {heap After GC invocations=5 (full 0):
 garbage-first heap   total reserved 2066432K, committed 133120K, used 19605K [0x0000000081e00000, 0x0000000100000000)
  region size 1024K, 4 young (4096K), 4 survivors (4096K)
}

